[    0.000000] Lix version 4.15.0-65-generic (buildd@lgw01-amd64-006) (gcc version 7.4.0 (Ubuntu 7.4.0-1ubuntu1~18.04.1)) #74-Ubuntu SMP Tue Sep 17 17:06:04 UTC 2019 (Ubuntu 4.15.0-65.74-generic 4.15.18)
[    0.000000] Command line: BOOT_IMAGE=/boot/vmlinuz-4.15.0-65-generic root=UUID=5ba67ca6-7291-4d5d-8d54-89112d908ef6 ro console=tty1 console=ttyS0
[    0.000000] KERNEL supported cpus:
[    0.000000]   Intel GenuineIntel
[    0.000000]   AMD AuthenticAMD
[    0.000000]  Centaur CentaurHauls
[    0.000000] x86/fpu: Supporting XSAVE feature 0x001: 'x87 floating point registers'
[    0.000000] x86/fpu: Supporting XSAVE feature 0x002: 'SSE registers'
[    0.000000] x86/fpu: Supporting XSAVE feature 0x004: 'AVX registers'
[    0.000000] x86/fpu: xstate_offse[2]:  576, xstate_sizes[2]:  256
[    0.000000] x86/fpu: Enabled xstate features 0x7, context size is 832 bytes, using 'standard' format.
[     0.000000] e820: BIOS-provided physical RAM map:
[    0.000000] BIOS-e820: [mem 0x0000000000000000-0x000000000009fb] usable
[    0.000000] BIOS-e820: [mem 0x000000000009fc00-0x000000000009ffff] reserved
[    0.000000] BIOS-e820: [mem 0x00000000000f0000-0x00000000000fffff] reserved
[    0.00000]BIOS-e820: [mem 0x0000000000100000-0x000000007ffeffff] usable
[  0.000000BIOS-e820: [em0x000000007fff0000-0x000000007fffffff] ACPI data
[    0.000000] BIOS-e820: [mem 0x00000000fec00000-0x00000000fec00fff] reserved
[    0.000000] BIOS-e820: [mem 0x00000000fee00000-0x00000000fee00fff] reserved
[    0.000000] BIOS-e820: [mem 0x00000000fffc0000-0x00000000ffffffff] reserved
[    0.000000] NX (Execute Disable) protection: active
[    0.000000] SMBIOS 2.5 present.
[    0.000000] DMI: innotek GmbH VirtualBox/VirtualBox, BIOS VirtualBox 12/01/2006
[    0.000000] Hypervisor detected: KVM
[    0.000000] e820: last_pfn = 0x7fff0 max_arch_pfn = 0x400000000
[    0.000000] MTRR: Disabled
[    0.000000] x86/PAT: MTRRs disabled, skipping PAT initialization too.
[    0.00000]PU MTRRs all blank - vrtualized system.
[    0.000000] x86/PAT: Configuration [0-7]: WB  WT  UC- UC  WB  WT  UC- UC  
[    0.000000] found SMP MP-table at [mem 0x0009fff0-0x0009ffff]
[    0.000000] Scanning 1 areas for low memory corruption
[    0.000000] RAMSK:  [mem 0x3597b000-0x36cb4fff]
[    0.000000] ACPI: Early table checksum verification disabled
[    0.000000] ACPI: RSDP 0x00000000000E0000 000024 (v02 VBOX  )
[   0.000000] ACPI: XSDT 0x000000007FFF0030 00003C (v01 VBOX   VBOXXSDT 00000001 ASL  00000061)
[    0.00000] PI: FACP 0x0000007FFF00F0000F4 (v04 VBOX   VBOXFACP 00000001 ASL  00000061)
[    0.000000] ACPI: DSDT 0x0000007FFF0470 002F (v02 VBOX   VBOXBIOS 00000002 INTL 20100528)
[    0.000000] ACPI: FACS 0x000000007FFF0200 000040
[    0.000000] ACPI: FACS 0x000000007FFF0200 000040
[    0.000000] ACPI: APIC 0x000000007FFF0240 00005(v02 VBOX   VBOXAPIC 00000001 ASL  00000061)
[    0.000000] ACPI: SSDT 0x000000007FFF02A0 0001CC (v01 VBOX   VBOXCPUT 00000002 INTL 20100528)
[    0.000000] No NUMA configuration found
[    0.000000] Faking a node at [mem 0x0000000000000000-0x000000007ffeffff]
[    0.000000] NODE_DATA(0) allocated [mem 0x7ffc5000-0x7feffff]
[    0.000000] kvm-clock: cpu 0, msr 0:7ff44001, primary cpu clock
[    0.000000] kvm-clock: Using msrs 4b564d01 and 4b564d00
[    0.000000] kvm-clock: using sched offset of 4388221946 cycles
[    0.000000] clocksource: kvm-clock: mask: 0xffffffffffffffff max_cycles: 0x1cd42e4dffb, max_idle_ns: 881590591483 ns
[    0.000000] Zone ranges:
[    0.000000]   DMA      [mem 0x0000000000001000-0x0000000000ffffff]
[    0.000000]   DMA32    [mem 0x0000000001000000-0x000000007ffeffff]
[    0.000000]   Normal   empty
[    0.000000]   Device   empty
[    0.000000] Movable zone start for each node
[    0.000000] Early memory node ranges
[    0.000000]   node   0: [mem 0x000000000001000x000000000009efff]
[    0.000000]   node   0: [mem 0x0000000000100000-0x000000007ffeffff]
[    0.000000] Reserved but unavailable: 98 pages
[    0.000000] Initmem setup node 0 [mem 0x0000000000001000-0x00000000feffff]
[    0.000000] PII: M-Timer IO Port: 0x4008
[    0.000000] IOAPIC[0]: apic_id 2, version 32, address 0xfec00000, GSI 0-23
[    0.000000] ACPI: INT_SRC_OVR (bus 0 bus_irq 0 global_irq 2 dfl dfl)
[    0.000000] ACPI: INT_SRC_OVR (bus 0 bus_irq 9 global_irq 9 low level)
[    0.000000] Using ACPI (MADT) for SMP configuration information
[    0.000000] smpboot: Allowing 2 CPUs, 0 hotplug CPUs
[    0.000000] PM: Registered nosave memory: [me 0x00000000-0x00000fff]
[    0.00000 PM: Regiserd nove memor [mem x009f000-0x0009ffff]
[    0.000000] PM: Registered nosave memory: [mem 0x000a0000-0x000effff]
[    0.000000] PM: Registered nosave memory: [mem 0x000f0000-0x000fffff]
[    0.000000] e820: [mem 0x80000000-0xfebfffff] available for PCI devices
[    0.000000] Booting paravirtualized kernel on KVM
[    0.000000] clocksource: refined-jiffies: mask: 0xffffffff max_cycle 0xffffffff, max_idle_ns: 7645519600211568 ns
[    0.000000] random: get_random_bytes called from start_kernel+0x99/0x4fd it crng_init=0
[    0.000000] setup_percpu: NR_CPUS:8192 nr_cpumask_bits:2 nr_cpu_ids:2 nr_node_ids:1
[    0.000000] percpu: Embedded 46 pages/cpus11552 r892d28672 u1048576
[  0.0000] PV qspinlock hash able entrs: 256 (order: 0, 4096 bytes)
[    0.000000] Built 1 zonelists, mobility grouping on.  Total pages: 515961
[    0.000000] Policy zone: DMA32
[    0.000000] Kernel command line: BOOT_IMAGE=/boot/vmlinuz-4.15.0-65-generic root=UUID=5ba67ca6-7291-4d5d-8d54-89112d908ef6 ro console=tty1 console=ttyS0
[    0.0000000] Memory: 2015084K/2096696K available (12300K kernel code, 2481K rwdata, 4256K rodata, 2436K init, 2388K bss, 81612K reserved, 0K cma-reserved)
[    0.000000] SLUB: HWalign=64, Order=0-3, MinObjects=0, CPUs=2, Nodes=1
[    0.000000] Kernel/User page tables isolation: enabled
[    0.000000] ftrace: allocating 39301 entries in 154 pages
[    0.004000] Hierarchical RCU implementation.
[    0.004000] 	RCU restricting CPUs from NR_CPUS=8192 to nr_cpu_ids=2.
[    0.004000] 	Tasks RCU enabled.
[    0.004000] RCU: Adjusting geometry for rcu_fanout_leaf=16, nr_cpu_ids=2
[    0.004000] NR_IRQS: 524544, nr_irqs: 440, preallocated irqs: 16
[    0.004000] Console: colour VGA+ 80x25
[    0.004000] console [tty1] enabled
[    0.004000] console [ttyS0] enabled
[    0.004000] ACPI: Core revision 20170831
[    0.004000] ACPI: 2 ACPI AML tables succesfully acquired and loaded
[    0.004000] APIC: Switch to symmetric I/O mode setup
[    0.004269] x2apic enabled
[    0.008004] Switched APIC routing to physical x2apic.
[    0.012988] ..TIMER: vector=0x30 apic1=0 pin1=2 apic2=-1 pin2=-1
[    0.016002] tsc: Detected 2903.998 MHz processor
[    0.020011] Calibrating delay loop (skipped) preset value.. 5807.99 BogoMIPS (lpj=11615992)
[    0.024003] pid_max: default: 32768 minimum: 301
[    0.028039] Security Framework initialized
[    0.032002] Yama: becoming mindful.
[    0.033146] AppArmor: AppArmor initialized
[    0.036177] Dentry cache hash table entries: 262144 (order: 9, 2097152 bytes)
[    0.044055] Inode-cache hash table entries: 131072 (order: 8, 1048576 bytes)
[    0.048029] Mount-cache hash table entries: 4096 (order: 3, 32768 bytes)
[    0.050099] Mountpoint-cache hash table entries: 4096 (order: 3, 32768 bytes)
[    0.052241] Last level iTLB entries: 4KB 64, 2MB 8, 4MB 8
[    0.056005] Last level dTLB entries: 4KB 64, 2MB 0, 4MB 0, 1GB 4
[    0.057986] Spectre V1 : Mitigation: usercopy/swapgs barriers and __user pointer sanitization
[    0.060004] Spectre V2 : Mitigation: Full generic retpoline
[    0.064002] Spectre V2 : Spectre v2 / SpectreRSB mitigation: Filling RSB on context switch
[    0.068006] Speculative Store Bypass: Vulnerable
[    0.069882] MDS: Vulnerable: Clear CPU buffers attempted, no microcode
[    0.072157] Freeing SMP alternatives memory: 36K
[    0.186693] smpboot: CPU0: Intel(R) Core(TM) i5-6267U CPU @ 2.90GHz (family: 0x6, model: 0x4e, stepping: 0x3)
[    0.188111] Performance Events: unsupported p6 CPU model 78 no PMU driver, software events only.
[    0.190624] Hierarchical SRCU implementation.
[    0.192593] NMI watchdog: Perf event create on CPU 0 failed with -2
[    0.196002] NMI watchdog: Perf NMI watchdog permanently disabled
[    0.197904] smp: Bringing up secondary CPUs ...
[    0.200086] x86: Booting SMP configuration:
[    0.201274] .... node  #0, CPUs:      #1
[    0.004000] kvm-clock: cpu 1, msr 0:7ff44041, secondary cpu clock
[    0.208019] smp: Brought up 1 node, 2 CPUs
[    0.209130] smpboot: Max logical packages: 1
[    0.211091] smpboot: Total of 2 processors activated (11615.99 BogoMIPS)
[    0.212145] devtmpfs: initialized
[    0.216057] x86/mm: Memory block size: 128MB
[    0.217596] evm: security.selinux
[    0.220010] evm: security.SMACK64
[    0.224003] evm: security.SMACK64EXEC
[    0.228002] evm: security.SMACK64TRANSMUTE
[    0.232002] evm: security.SMACK64MMAP
[    0.236002] evm: security.apparmor
[    0.240003] evm: security.ima
[    0.244003] evm: security.capability
[    0.248098] clocksource: jiffies: mask: 0xffffffff max_cycles: 0xffffffff, max_idle_ns: 7645041785100000 ns
[    0.252015] futex hash table entries: 512 (order: 3, 32768 bytes)
[    0.256078] pinctrl core: initialized pinctrl subsystem
[    0.264025] RTC time:  6:43:27, date: 10/13/19
[    0.265740] NET: Registered protocol family 16
[    0.267317] audit: initializing netlink subsys (disabled)
[    0.272005] audit: type=2000 audit(1570949011.004:1): state=initialized audit_enabled=0 res=1
[    0.274856] cpuidle: using governor ladder
[    0.276009] cpuidle: using governor menu
[    0.277380] ACPI: bus type PCI registered
[    0.280004] acpiphp: ACPI Hot Plug PCI Controller Driver version: 0.5
[    0.284130] PCI: Using configuration type 1 for base access
[    0.293711] HugeTLB registered 2.00 MiB page size, pre-allocated 0 pages
[    0.300091] ACPI: Added _OSI(Module Device)
[    0.304010] ACPI: Added _OSI(Processor Device)
[    0.308003] ACPI: Added _OSI(3.0 _SCP Extensions)
[    0.312003] ACPI: Added _OSI(Processor Aggregator Device)
[    0.316003] ACPI: Added _OSI(Linux-Dell-Video)
[    0.320003] ACPI: Added _OSI(Linux-Lenovo-NV-HDMI-Audio)
[    0.324004] ACPI: Added _OSI(Linux-HPI-Hybrid-Graphics)
[    0.328489] ACPI: Executed 1 blocks of module-level executable AML code
[    0.337365] ACPI: Interpreter enabled
[    0.340017] ACPI: (supports S0 S5)
[    0.344003] ACPI: Using IOAPIC for interrupt routing
[    0.348230] PCI: Using host bridge windows from ACPI; if necessary, use "pci=nocrs" and report a bug
[    0.352265] ACPI: Enabled 2 GPEs in block 00 to 07
[    0.360875] ACPI: PCI Root Bridge [PCI0] (domain 0000 [bus 00-ff])
[    0.364009] acpi PNP0A03:00: _OSC: OS supports [ASPM ClockPM Segments MSI]
[    0.368031] acpi PNP0A03:00: _OSC: not requesting OS control; OS requires [ExtendedConfig ASPM ClockPM MSI]
[    0.372020] acpi PNP0A03:00: fail to add MMCONFIG information, can't access extended PCI configuration space under this bridge.
[    0.376570] PCI host bridge to bus 0000:00
[    0.380007] pci_bus 0000:00: root bus resource [io  0x0000-0x0cf7 window]
[    0.384008] pci_bus 0000:00: root bus resource [io  0x0d00-0xffff window]
[    0.386031] pci_bus 0000:00: root bus resource [mem 0x000a0000-0x000bffff window]
[    0.388004] pci_bus 0000:00: root bus resource [mem 0x80000000-0xfdffffff window]
[    0.390372] pci_bus 0000:00: root bus resource [bus 00-ff]
[    0.399164] pci 0000:00:01.1: legacy IDE quirk: reg 0x10: [io  0x01f0-0x01f7]
[    0.400012] pci 0000:00:01.1: legacy IDE quirk: reg 0x14: [io  0x03f6]
[    0.404014] pci 0000:00:01.1: legacy IDE quirk: reg 0x18: [io  0x0170-0x0177]
[    0.408008] pci 0000:00:01.1: legacy IDE quirk: reg 0x1c: [io  0x0376]
[    0.451344] pci 0000:00:07.0: quirk: [io  0x4000-0x403f] claimed by PIIX4 ACPI
[    0.452037] pci 0000:00:07.0: quirk: [io  0x4100-0x410f] claimed by PIIX4 SMB
[    0.472017] ACPI: PCI Interrupt Link [LNKA] (IRQs 5 9 10 *11)
[    0.473903] ACPI: PCI Interrupt Link [LNKB] (IRQs 5 9 *10 11)
[    0.475526] ACPI: PCI Interrupt Link [LNKC] (IRQs 5 *9 10 11)
[    0.476188] ACPI: PCI Interrupt Link [LNKD] (IRQs 5 9 10 *11)
[    0.480438] SCSI subsystem initialized
[    0.484107] pci 0000:00:02.0: vgaarb: setting as boot VGA device
[    0.485788] pci 0000:00:02.0: vgaarb: VGA device added: decodes=io+mem,owns=io+mem,locks=none
[    0.488009] pci 0000:00:02.0: vgaarb: bridge control possible
[    0.492003] vgaarb: loaded
[    0.496058] ACPI: bus type USB registered
[    0.500035] usbcore: registered new interface driver usbfs
[    0.504014] usbcore: registered new interface driver hub
[    0.505705] usbcore: registered new device driver usb
[    0.508074] EDAC MC: Ver: 3.0.0
[    0.512371] PCI: Using ACPI for IRQ routing
[    0.516670] NetLabel: Initializing
[    0.520004] NetLabel:  domain hash size = 128
[    0.524002] NetLabel:  protocols = UNLABELED CIPSOv4 CALIPSO
[    0.528019] NetLabel:  unlabeled traffic allowed by default
[    0.532097] clocksource: Switched to clocksource kvm-clock
[    0.552707] VFS: Disk quotas dquot_6.6.0
[    0.559730] VFS: Dquot-cache hash table entries: 512 (order 0, 4096 bytes)
[    0.562106] AppArmor: AppArmor Filesystem Enabled
[    0.563756] pnp: PnP ACPI init
[  0666]pnp:Pn ACPIfound 3 dvies

[   .8644]clckouce apipm msk: 0xffffff max_cycles: 0xffffff, max_idle_ns: 2085701024 ns
[    1.192105] NET: Registered protocol family 2

[    1.19355 TP stablihed hash table entries: 16384 (order: 5, 131072 bytes)

[    1.338512] TCP bind hash table entries: 16384 (order: 6, 262144 bytes)
[    1.340834] TCP: Hash tables configured (established 16384 bind 16384)
[    1.344792] UDP hash table entries: 1024 (order: 3, 32768 bytes)
[    1.347711] UDP-Lite hash table entries: 1024 (orde 3 376 bte)[   .5756]NE: egstre potcol family 1

[    1.850708]pc 000:00:00.0: Limiting direct PCI/PCI transfers
   1.926142] pci 0000:00:01.0: Activating ISA DMA hang workarounds
[    1.973038] pci 0000:00:02.0: Video device with shadowed ROM at [mem 0x000c0000-0x000dffff]
[    .9578]Unacin iitams..
[    2.565108] Freeing initrd memory: 19688K
[    2.620915] clocksource: tsc: mask: 0xffffffffffffffff max_cycles: 0x29dc03c1beb, max_idle_ns: 440795205215 ns
[    2.718100] platform rtc_cmos: registered platform RTC device (no PNP device found)
[    2.740501] Scanning for low memory corruption every 60 seconds
[    2.743160] Initialise system trusted keyrings
[    2.789672] Key type blacklist registered
[    2.866402] workingset: timestamp_bits=36 max_order=19 bucket_order=0
[    2.887145] zbud: loaded
[    2.925444] squashfs: version 4.0 (2009/01/31) Phillip Lougher
[    3.004970] fuse init (API version 7.26)
[    3.012378] Key type asymmetric registered
[    3.013476] Asymmetric key parser 'x509' registered
[    3.014771] Block layer SCSI generic (bsg) driver version 0.4 loaded (major 246)
[    3.016831] io scheduler noop registered
[    3.017884] io scheduler deadline registered
[    3.019028] io scheduler cfq registered (default)
[    3.020835] ACPI: AC Adapter [AC] (off-line)
[    3.081947] input: Power Button as /devices/LNXSYSTM:00/LNXPWRBN:00/input/input0
[    3.151318] ACPI: Power Button [PWRF]
[    3.216925] input: Sleep Button as /devices/LNXSYSTM:00/LNXSLPBN:00/input/input1
[    3.308505] ACPI: Sleep Button [SLPF]
[    3.356826] Serial: 8250/16550 driver, 32 ports, IRQ sharing enabled
[    3.358554] ACPI: Battery Slot [BAT0] (battery present)
[    3.384881] 00:02: ttyS0 at I/O 0x3f8 (irq = 4, base_baud = 115200) is a 16550A
[    3.477356] Linux agpgart interface v0.103
[    3.526370] loop: module loaded
[    3.557270] scsi host0: ata_piix
[    3.558735] scsi host1: ata_piix
[    3.559678] ata1: PATA max UDMA/33 cmd 0x1f0 ctl 0x3f6 bmdma 0xd000 irq 14
[    3.561610] ata2: PATA max UDMA/33 cmd 0x170 ctl 0x376 bmdma 0xd008 irq 15
[    3.564327] libphy: Fixed MDIO Bus: probed
[    3.574474] tun: Universal TUN/TAP device driver, 1.6
[    3.575867] PPP generic driver version 2.4.2
[    3.577225] ehci_hcd: USB 2.0 'Enhanced' Host Controller (EHCI) Driver
[    3.579033] ehci-pci: EHCI PCI platform driver
[    3.580521] ehci-platform: EHCI generic platform driver
[    3.582605] ohci_hcd: USB 1.1 'Open' Host Controller (OHCI) Driver
[    3.585309] ohci-pci: OHCI PCI platform driver
[    3.588413] ohci-platform: OHCI generic platform driver
[    3.591810] uhci_hcd: USB Universal Host Controller Interface driver
[    3.595683] i8042: PNP: PS/2 Controller [PNP0303:PS2K,PNP0f03:PS2M] at 0x60,0x64 irq 1,12
[    3.602223] serio: i8042 KBD port at 0x60,0x64 irq 1
[    3.605008] serio: i8042 AUX port at 0x60,0x64 irq 12
[    3.608830] mousedev: PS/2 mouse device common for all mice
[    3.612458] input: AT Translated Set 2 keyboard as /devices/platform/i8042/serio0/input/input2
[    3.619067] rtc_cmos rtc_cmos: rtc core: registered rtc_cmos as rtc0
[    3.622864] rtc_cmos rtc_cmos: alarms up to one day, 114 bytes nvram
[    3.626672] i2c /dev entries drver
[    3.661939] device-mapper: uevent: versi 10.3
[    3.741446] device-mapper: ioctl: 4.37.0-ioctl (2017-09-20) initialised: dm-devel@redhat.com
[    3.755958] ledtrig-cpu: registered to indicate activity on CPUs
[    3.764439] NET: Registered protocol family 10
[    3.775293] Segment Routing with IPv6
[    3.782381] NET: Registered protocol family 17
[    3.783988] Key type dns_resolver registered
[    3.813082] mce: Using 0 MCE banks
[    3.827961] RAS: Correctable Errors collector initialized.
[    3.841351] sched_clock: Marking stable (3841320171, 0)->(7136605626, -3295285455)
[    3.871559] registered taskstats version 1
[    3.878897] Loading compiled-in X.509 certificates
[    3.884183] Loaded X.509 cert 'Build time autogenerated kernel key: 3a65b6a3c8b5d6b297d77c25be9161529933bc49'
[    3.904181] zswap: loaded using pool lzo/zbud
[    3.909472] Key type big_key registered
[    3.927250] Key type trusted registered
[    3.970682] Key type encrypted registered
[    4.000142] AppArmor: AppArmor sha1 policy hashing enabled
[    4.001979] ima: No TPM chip found, activating TPM-bypass! (rc=-19)
[    4.054312] ima: Allocated hash algorithm: sha1
[    4.124199] evm: HMAC attrs: 0x1
[    4.125808]   Magic number: 7:320:721
[    4.127077] block loop1: hash matches
[    4.133033] rtc_cmos rtc_cmos: setting system clock to 2019-10-13 06:43:31 UTC (1570949011)
[    4.178602] BIOS EDD facility v0.16 2004-Jun-25, 0 devices found
[    4.233951] EDD information not available.
[    4.238079] Freeing unused kernel image memory: 2436K
[    4.280751] Write protecting the kernel read-only data: 20480k
[    4.714716] Freeing unused kernel image memory: 2008K
[    4.734271] Freeing unused kernel image memory: 1888K
[    4.749257] x86/mm: Checked W+X mappings: passed, no W+X pages found.
[    4.752604] x86/mm: Checking user space page tables
[    4.974487] x86/mm: Checked W+X mappings: passed, no W+X pages found.
Loading, please wait...
starting version 237
[    5.379676] Fusion MPT base driver 3.04.20
[    5.380959] Copyright (c) 1999-2008 LSI Corporation
[    5.403422] AVX2 version of gcm_enc/dec engaged.
[    5.405149] AES CTR mode by8 optimization enabled
[    5.406758] e1000: Intel(R) PRO/1000 Network Driver - version 7.3.21-k8-NAPI
[    5.409172] e1000: Copyright (c) 1999-2006 Intel Corporation.
[    5.415465] Fusion MPT SPI Host driver 3.04.20
[    5.631905] input: ImExPS/2 Generic Explorer Mouse as /devices/platform/i8042/serio1/input/input4
[    5.851367] e1000 0000:00:03.0 eth0: (PCI:33MHz:32-bit) 02:d8:9a:b7:4a:68
[    6.742784] e1000 0000:00:03.0 eth0: Intel(R) PRO/1000 Network Connection
[    7.357038] mptbase: ioc0: Initiating bringup
[    7.357283] e1000 0000:00:03.0 enp0s3: renamed from eth0
[    7.485201] ioc0: LSI53C1030 A0: Capabilities={Initiator}
[    7.820222] scsi host2: ioc0: LSI53C1030 A0, FwRev=00000000h, Ports=1, MaxQ=256, IRQ=20
[    8.088786] scsi 2:0:0:0: Direct-Access     VBOX     HARDDISK         1.0  PQ: 0 ANSI: 5
[    8.401199] scsi target2:0:0: Beginning Domain Validation
[    8.405454] scsi target2:0:0: Domain Validation skipping write tests
[    8.679466] scsi target2:0:0: Ending Domain Validation
[    9.396596] scsi target2:0:0: asynchronous
[    9.899617] scsi 2:0:1:0: Direct-Access     VBOX     HARDDISK         1.0  PQ: 0 ANSI: 5
[   10.704333] scsi target2:0:1: Beginning Domain Validation
[   10.731301] random: fast init done
[   10.866970] scsi target2:0:1: Domain Validation skipping write tests
[   11.405752] scsi target2:0:1: Ending Domain Validation
[   11.407577] scsi target2:0:1: asynchronous
[   11.414992] random: systemd-udevd: uninitialized urandom read (16 bytes read)
[   11.415146] sd 2:0:0:0: Attached scsi generic sg0 type 0
[   11.426930] random: systemd-udevd: uninitialized urandom read (16 bytes read)
[   11.441707] sd 2:0:0:0: [sda] 20971520 512-byte logical blocks: (10.7 GB/10.0 GiB)
[   11.448068] random: systemd-udevd: uninitialized urandom read (16 bytes read)
[   11.458054] sd 2:0:0:0: [sda] Write Protect is off
[   11.466034] sd 2:0:1:0: Attached scsi generic sg1 type 0
[   11.490298] sd 2:0:0:0: [sda] Incomplete mode parameter data
[   11.499998] sd 2:0:0:0: [sda] Assuming drive cache: write through
[   11.500330] sd 2:0:1:0: [sdb] 20480 512-byte logical blocks: (10.5 MB/10.0 MiB)
[   11.521144] sd 2:0:1:0: [sdb] Write Protect is off
[   11.523220]  sda: sda1
[   11.534976] sd 2:0:1:0: [sdb] Incomplete mode parameter data
[   11.535784] sd 2:0:0:0: [sda] Attached SCSI disk
[   11.537401] sd 2:0:1:0: [sdb] Assuming drive cache: write through
[   11.547356] sd 2:0:1:0: [sdb] Attached SCSI disk
Begin: Loading essential drivers ... [   13.016118] raid6: sse2x1   gen() 10970 MB/s
[   13.096317] raid6: sse2x1   xor()  7785 MB/s
[   13.184344] raid6: sse2x2   gen() 13249 MB/s
[   13.248195] raid6: sse2x2   xor()  9116 MB/s
[   13.320272] raid6: sse2x4   gen() 15677 MB/s
[   13.392159] raid6: sse2x4   xor()  9546 MB/s
[   13.456200] raid6: avx2x1   gen() 22231 MB/s
[   13.516506] raid6: avx2x1   xor() 15044 MB/s
[   13.568182] raid6: avx2x2   gen() 26923 MB/s
[   13.664264] raid6: avx2x2   xor() 15566 MB/s
[   13.712253] raid6: avx2x4   gen() 15656 MB/s
[   13.760066] raid6: avx2x4   xor() 11330 MB/s
[   13.761576] raid6: using algorithm avx2x2 gen() 26923 MB/s
[   13.763397] raid6: .... xor() 15566 MB/s, rmw enabled
[   13.794607] raid6: using avx2x2 recovery algorithm
[   13.799008] xor: automatically using best checksumming function   avx       
[   13.812376] async_tx: api initialized (async)
done.
Begin: Running /scripts/init-premount ... done.
Begin: Mounting root file system ... Begin: Running /scripts/local-top ... done.
Begin: Running /scripts/local-premount ... [   13.870806] Btrfs loaded, crc32c=crc32c-intel
Scanning for Btrfs filesystems
done.
Warning: fsck no[   13.912475] EXT4-fs (sda1): mounted filesystem with ordered data mode. Opts: (null)
t present, so skipping root file system
done.
Begin: Running /scripts/local-bottom ... done.
Begin: Running /scripts/init-bottom ... done.
[   14.197812] ip_tables: (C) 2000-2006 Netfilter Core Team
[   14.209068] systemd[1]: systemd 237 running in system mode. (+PAM +AUDIT +SELINUX +IMA +APPARMOR +SMACK +SYSVINIT +UTMP +LIBCRYPTSETUP +GCRYPT +GNUTLS +ACL +XZ +LZ4 +SECCOMP +BLKID +ELFUTILS +KMOD -IDN2 +IDN -PCRE2 default-hierarchy=hybrid)
[   14.214369] systemd[1]: Detected virtualization oracle.
[   14.215712] systemd[1]: Detected architecture x86-64.

Welcome to [1mUbuntu 18.04.2 LTS[0m!

[   14.252444] systemd[1]: Set hostname to <pwnbox>.
[   15.425172] systemd[1]: Set up automount Arbitrary Executable File Formats File System Automount Point.
[[0;32m  OK  [0m] Set up automount Arbitrary Executab…rmats File System Automount Point.
[   17.020393] systemd[1]: Reached target Swap.
[[0;32m  OK  [0m] Reached target Swap.
[   17.026092] systemd[1]: Created slice User and Session Slice.
[[0;32m  OK  [0m] Created slice User and Session Slice.
[   17.031898] systemd[1]: Reached target System Time Synchronized.
[[0;32m  OK  [0m] Reached target System Time Synchronized.
[   17.059628] systemd[1]: Started Forward Password Requests to Wall Directory Watch.
[[0;32m  OK  [0m] Started Forward Password Requests to Wall Directory Watch.
[   17.104098] systemd[1]: Created slice System Slice.
[[0;32m  OK  [0m] Created slice System Slice.
[[0;32m  OK  [0m] Listening on udev Kernel Socket.
[[0;32m  OK  [0m] Listening on Network Service Netlink Socket.
[[0;32m  OK  [0m] Listening on LVM2 poll daemon socket.
[[0;32m  OK  [0m] Listening on /dev/initctl Compatibility Named Pipe.
[[0;32m  OK  [0m] Listening on Syslog Socket.
[[0;32m  OK  [0m] Reached target Slices.
[[0;32m  OK  [0m] Listening on Journal Socket.
         Starting Remount Root and Kernel File S[   17.258696] EXT4-fs (sda1): re-mounted. Opts: (null)
ystems...
         Mounting Huge Pages File System...
         Starting Set the console keyboard layout...
         Starting Uncomplicated firewall...
         Starting Create list of required st…ce nodes for the current kernel...
         Mounting Kernel Debug File System...
         Starting Load Kernel Modules...
[[0;32m  OK  [[   17.341656] Loading iSCSI transport class v2.0-870.
0m] Listening on Journal Socket (/dev/log).
[[0;32m  OK  [0m] Listening on udev Control Socket.
         Starting udev Coldplug all Devices...
[[0;32m  OK  [0m] Created slice system-serial\x2dgetty.slice.
[[0;32m  OK  [[   17.363105] iscsi: registered transport (tcp)
0m] Listening on Journal Audit Socket.
[   17.463338] iscsi: registered transport (iser)
         Starting Journal Service...
[[0;32m  OK  [0m] Reached target User and Group Name Lookups.
[[0;32m  OK  [0m] Listening on LVM2 metadata daemon socket.
[[0;32m  OK  [0m] Listening on Device-mapper event daemon FIFOs.
         Starting Monitoring of LVM2 mirrors…ng dmeventd or progress polling...
         Mounting POSIX Message Queue File System...
[[0;32m  OK  [0m] Started Journal Service.
[[0;32m  OK  [0m] Started Remount Root and Kernel File Systems.
[[0;32m  OK  [0m] Mounted Huge Pages File System.
[[0;32m  OK  [0m] Started Set the console keyboard layout.
[[0;32m  OK  [0m] Started Uncomplicated firewall.
[[0;32m  OK  [0m] Started Create list of required sta…vice nodes for the current kernel.
[[0;32m  OK  [0m] Mounted Kernel Debug File System.
[[0;32m  OK  [0m] Started Load Kernel Modules.
[[0;32m  OK  [0m] Mounted POSIX Message Queue File System.
[[0;32m  OK  [0m] Started udev Coldplug all Devices.
[[0;32m  OK  [0m] Started LVM2 metadata daemon.
         Starting Apply Kernel Variables...
         Mounting Kernel Configuration Fi[   18.133584] random: crng init done
le System...
[   18.145537] random: 7 urandom warning(s) missed due to ratelimiting
         Mounting FUSE Control File System...
         Starting Create Static Device Nodes in /dev...
         Starting Load/Save Random Seed...
         Starting Flush Journal to Persistent Storage...
[[0;32m  OK  [0m] Started Monitoring of LVM2 mirrors,…sing dmeventd or progress polling.
[[0;32m  OK  [0m] Mounted Kernel Configuration File System.
[[0;32m  OK  [0m] Mounted FUSE Control File System.
[[0;32m  OK  [0m] Started Create Static Device Nodes in /dev.
[[0;32m  OK  [0m] Started Load/Save Random Seed.
[[0;32m  OK  [0m] Started Apply Kernel Variables.
         Starting udev Kernel Device Manager...
[[0;32m  OK  [0m] Reached target Local File Systems (Pre).
[[0;32m  OK  [0m] Reached target Local File Systems.
         Starting Tell Plymouth To Write Out Runtime Data...
         Starting Enable support for additional executable binary formats...
         Starting QEMU KVM preparation - module, ksm, hugepages...
         Starting Set console font and keymap...
         Starting AppArmor initialization...
         Starting ebtables ruleset management...
[[0;32m  OK  [0m] Started Tell Plymouth To Write Out Runtime Data.
[[0;32m  OK  [0m] Started Set console font and keymap.
         Mounting Arbitrary Executable File Formats File System...
[[0;32m  OK  [0m] Started udev Kernel Device Manager.
[[0;32m  OK  [0m] Started Dispatch Password Requests to Console Directory Watch.
[[0;32m  OK  [0m] Reached target Local Encrypted Volumes.
[[0;32m  OK  [0m] Mounted Arbitrary Executable File Formats File System.
[[0;32m  OK  [0m] Started Enable support for additional executable binary formats.
[[0;32m  OK  [0m] Started QEMU KVM preparation - module, ksm, hugepages.
[[0;32m  OK  [0m] Started Flush Journal to Persistent Storage.
         Starting Create Volatile Files and Directories...
[[0;32m  OK  [0m] Started ebtables ruleset management.
[[0;32m  OK  [0m] Started Create Volatile Files and Directories.
         Starting Update UTMP about System Boot/Shutdown...
[[0;32m  OK  [0m] Started Update UTMP about System Boot/Shutdown.
[[0;32m  OK  [0m] Found device /dev/ttyS0.
[[0;32m  OK  [0m] Listening on Load/Save RF Kill Switch Status /dev/rfkill Watch.
[[0;32m  OK  [0m] Started AppArmor initialization.
         Starting Initial cloud-init job (pre-networking)...
[   20.329074] cloud-init[534]: Cloud-init v. 19.1-1-gbaa47854-0ubuntu1~18.04.1 running 'init-local' at Sun, 13 Oct 2019 06:43:47 +0000. Up 20.13 seconds.
[[0;32m  OK  [0m] Started Initial cloud-init job (pre-networking).
[[0;32m  OK  [0m] Reached target Network (Pre).
         Starting Network Service...
[[0;32m  OK  [0m] Started Network Service.
         Starting Network Name Resolution...
         Starting Wait for Network to be Configured...
[[0;32m  OK  [0m] Started Network Name Resolution.
[[0;32m  OK  [0m] Reached target Network.
[[0;32m  OK  [0m] Reached target Host and Network Name Lookups.
[[0;32m  OK  [0m] Started Wait for Network to be Configured.
         Starting Initial cloud-init job (metadata service crawler)...
[   23.004443] cloud-init[664]: Cloud-init v. 19.1-1-gbaa47854-0ubuntu1~18.04.1 running 'init' at Sun, 13 Oct 2019 06:43:50 +0000. Up 22.87 seconds.
[   23.032550] cloud-init[664]: ci-info: ++++++++++++++++++++++++++++++++++++++Net device info++++++++++++++++++++++++++++++++++++++
[   23.104721] cloud-init[664]: ci-info: +--------+------+----------------------------+---------------+--------+-------------------+
[   23.158160] cloud-init[664]: ci-info: | Device |  Up  |          Address           |      Mask     | Scope  |     Hw-Address    |
[   23.161786] cloud-init[664]: ci-info: +--------+------+----------------------------+---------------+--------+-------------------+
[   23.167524] cloud-init[664]: ci-info: | enp0s3 | True |         10.0.2.15          | 255.255.255.0 | global | 02:d8:9a:b7:4a:68 |
[   23.170285] cloud-init[664]: ci-info: | enp0s3 | True | fe80::d8:9aff:feb7:4a68/64 |       .       |  link  | 02:d8:9a:b7:4a:68 |
[   23.173076] cloud-init[664]: ci-info: |   lo   | True |         127.0.0.1          |   255.0.0.0   |  host  |         .         |
[   23.175782] cloud-init[664]: ci-info: |   lo   | True |          ::1/128           |       .       |  host  |         .         |
[   23.178476] cloud-init[664]: ci-info: +--------+------+----------------------------+---------------+--------+-------------------+
[   23.181147] cloud-init[664]: ci-info: ++++++++++++++++++++++++++++Route IPv4 info+++++++++++++++++++++++++++++
[   23.183465] cloud-init[664]: ci-info: +-------+-------------+----------+-----------------+-----------+-------+
[   23.185982] cloud-init[664]: ci-info: | Route | Destination | Gateway  |     Genmask     | Interface | Flags |
[   23.188392] cloud-init[664]: ci-info: +-------+-------------+----------+-----------------+-----------+-------+
[   23.190802] cloud-init[664]: ci-info: |   0   |   0.0.0.0   | 10.0.2.2 |     0.0.0.0     |   enp0s3  |   UG  |
[   23.193225] cloud-init[664]: ci-info: |   1   |   10.0.2.0  | 0.0.0.0  |  255.255.255.0  |   enp0s3  |   U   |
[   23.195599] cloud-init[664]: ci-info: |   2   |   10.0.2.2  | 0.0.0.0  | 255.255.255.255 |   enp0s3  |   UH  |
[   23.198057] cloud-init[664]: ci-info: +-------+-------------+----------+-----------------+-----------+-------+
[   23.200552] cloud-init[664]: ci-info: +++++++++++++++++++Route IPv6 info+++++++++++++++++++
[   23.202577] cloud-init[664]: ci-info: +-------+-------------+---------+-----------+-------+
[   23.204717] cloud-init[664]: ci-info: | Route | Destination | Gateway | Interface | Flags |
[   23.207112] cloud-init[664]: ci-info: +-------+-------------+---------+-----------+-------+
[   23.209091] cloud-init[664]: ci-info: |   1   |  fe80::/64  |    ::   |   enp0s3  |   U   |
[   23.211081] cloud-init[664]: ci-info: |   3   |    local    |    ::   |   enp0s3  |   U   |
[   23.213068] cloud-init[664]: ci-info: |   4   |   ff00::/8  |    ::   |   enp0s3  |   U   |
[   23.215039] cloud-init[664]: ci-info: +-------+-------------+---------+-----------+-------+
[[0;32m  OK  [0m] Started Initial cloud-init job (metadata service crawler).
[[0;32m  OK  [0m] Reached target Cloud-config availability.
[[0;32m  OK  [0m] Reached target Network is Online.
[[0;32m  OK  [0m] Reached target Remote File Systems (Pre).
[[0;32m  OK  [0m] Reached target Remote File Systems.
         Starting Availability of block devices...
[[0;32m  OK  [0m] Reached target System Initialization.
[[0;32m  OK  [0m] Started Discard unused blocks once a week.
[[0;32m  OK  [0m] Started Daily apt download activities.
[[0;32m  OK  [0m] Listening on Open-iSCSI iscsid Socket.
[[0;32m  OK  [0m] Started ACPI Events Check.
[[0;32m  OK  [0m] Listening on ACPID Listen Socket.
[[0;32m  OK  [0m] Reached target Paths.
         Starting LXD - unix socket.
[[0;32m  OK  [0m] Started Daily apt upgrade and clean activities.
         Starting Socket activation for snappy daemon.
[[0;32m  OK  [0m] Listening on UUID daemon activation socket.
[[0;32m  OK  [0m] Listening on D-Bus System Message Bus Socket.
[[0;32m  OK  [0m] Started Daily Cleanup of Temporary Directories.
[[0;32m  OK  [0m] Started Message of the Day.
[[0;32m  OK  [0m] Reached target Timers.
[[0;32m  OK  [0m] Started Availability of block devices.
[[0;32m  OK  [0m] Listening on LXD - unix socket.
[[0;32m  OK  [0m] Listening on Socket activation for snappy daemon.
[[0;32m  OK  [0m] Reached target Sockets.
[[0;32m  OK  [0m] Reached target Basic System.
[[0;32m  OK  [0m] Started D-Bus System Message Bus.
         Starting LSB: automatic crash report generation...
         Starting Virtualbox guest utils...
[[0;32m  OK  [0m] Started FUSE filesystem for LXC.
         Starting OpenBSD Secure Shell server...
         Starting Snappy daemon...
         Starting LSB: Record successful boot for GRUB...
[[0;32m  OK  [0m] Started Regular background program processing daemon.
         Starting Login Service...
         Starting Permit User Sessions...
[[0;32m  OK  [0m] Started Deferred execution scheduler.
         Starting System Logging Service...
[[0;32m  OK  [0m] Started irqbalance daemon.
         Starting Dispatcher daemon for systemd-networkd...
         Starting Accounts Service...
         Starting LXD - container startup/shutdown...
[[0;32m  OK  [0m] Started System Logging Service.
[[0;32m  OK  [0m] Started Snappy daemon.
[[0;32m  OK  [0m] Started Permit User Sessions.
[[0;32m  OK  [0m] Started Login Service.
[[0;32m  OK  [0m] Started Unattended Upgrades Shutdown.
         Starting Hold until boot process finishes up...
         Starting Terminate Plymouth Boot Screen...
         Starting Wait until snapd is fully seeded...
[[0;32m  OK  [0m] Started OpenBSD Secure Shell server.
[[0;32m  OK  [0m] Started Hold until boot process finishes up.
[[0;32m  OK  [0m] Started Terminate Plymouth Boot Screen.
[[0;32m  OK  [0m] Started Serial Getty on ttyS0.
         Starting Set console scheme...
[[0;32m  OK  [0m] Started Set console scheme.
[[0;32m  OK  [0m] Created slice system-getty.slice.
[[0;32m  OK  [0m] Started Getty on tty1.
[[0;32m  OK  [0m] Reached target Login Prompts.
[[0;32m  OK  [0m] Started LSB: automatic crash report generation.
[[0;32m  OK  [0m] Started Wait until snapd is fully seeded.
         Starting Authorization Manager...
         Starting Apply the settings specified in cloud-config...
[[0;32m  OK  [0m] Started LSB: Record successful boot for GRUB.
[[0;32m  OK  [0m] Created slice User Slice of vagrant.
[[0;32m  OK  [0m] Started Virtualbox guest utils.
[[0;32m  OK  [0m] Started LXD - container startup/shutdown.
[[0;32m  OK  [0m] Started Authorization Manager.
[[0;32m  OK  [0m] Started Accounts Service.
[[0;32m  OK  [0m] Started Session 1 of user vagrant.
         Starting User Manager for UID 1000...
[[0;32m  OK  [0m] Started Dispatcher daemon for systemd-networkd.
[[0;32m  OK  [0m] Reached target Multi-User System.
[[0;32m  OK  [0m] Reached target Graphical Interface.
         Starting Update UTMP about System Runlevel Changes...
[[0;32m  OK  [0m] Started Update UTMP about System Runlevel Changes.
[[0;32m  OK  [0m] Started User Manager for UID 1000.
[   25.238848] cloud-init[1002]: Cloud-init v. 19.1-1-gbaa47854-0ubuntu1~18.04.1 running 'modules:config' at Sun, 13 Oct 2019 06:43:52 +0000. Up 25.11 seconds.
[[0;32m  OK  [0m] Started Apply the settings specified in cloud-config.
         Starting Execute cloud user/final scripts...
[   25.850035] cloud-init[1155]: Cloud-init v. 19.1-1-gbaa47854-0ubuntu1~18.04.1 running 'modules:final' at Sun, 13 Oct 2019 06:43:53 +0000. Up 25.74 seconds.
[   25.853414] cloud-init[1155]: Cloud-init v. 19.1-1-gbaa47854-0ubuntu1~18.04.1 finished at Sun, 13 Oct 2019 06:43:53 +0000. Datasource DataSourceNoCloud [seed=/dev/sdb][dsmode=net].  Up 25.84 seconds
[[0;32m  OK  [0m] Started Execute cloud user/final scripts.
[[0;32m  OK  [0m] Reached target Cloud-init target.

Ubuntu 18.04.2 LTS pwnbox ttyS0

pwnbox login: 